<?xml version="1.0" encoding="UTF-8"?>
<!-- Generated by org.testng.reporters.JUnitReportReporter -->
<testsuite hostname="PremPC-9" failures="0" tests="7" name="testNGPackage.TestNG5" time="0.005" errors="0" timestamp="2023-04-12T20:15:06 IST" skipped="1">
  <testcase classname="testNGPackage.TestNG5" name="testcase4" time="0.001"/>
  <system-out/>
  <testcase classname="testNGPackage.TestNG5" name="testCase1" time="0.001"/>
  <system-out/>
  <testcase classname="testNGPackage.TestNG5" name="testcase2" time="0.001"/>
  <system-out/>
  <testcase classname="testNGPackage.TestNG5" name="testcase6" time="0.000"/>
  <system-out/>
  <testcase classname="testNGPackage.TestNG5" name="testcase5" time="0.000"/>
  <system-out/>
  <testcase classname="testNGPackage.TestNG5" name="testcase2" time="0.002"/>
  <system-out/>
  <testcase classname="testNGPackage.TestNG5" name="testcase3">
    <skipped/>
  </testcase> <!-- testcase3 -->
  <system-out/>
</testsuite> <!-- testNGPackage.TestNG5 -->
