<?xml version="1.0" encoding="UTF-8"?>
<!-- Generated by org.testng.reporters.JUnitReportReporter -->
<testsuite hostname="PremPC-9" failures="0" tests="1" name="com.globalSQA.HandlingTabs" time="9.672" errors="0" timestamp="2023-05-12T21:12:57 IST" skipped="0">
  <testcase classname="com.globalSQA.HandlingTabs" name="performOperations" time="9.672"/>
  <system-out/>
</testsuite> <!-- com.globalSQA.HandlingTabs -->
