<?xml version="1.0" encoding="UTF-8"?>
<!-- Generated by org.testng.reporters.JUnitReportReporter -->
<testsuite hostname="PremPC-9" failures="0" tests="1" name="com.facebook.tests.LandingTest" time="0.159" errors="0" timestamp="2023-05-23T09:18:03 IST" skipped="0">
  <testcase classname="com.facebook.tests.LandingTest" name="landingPageTest" time="0.159"/>
  <system-out/>
</testsuite> <!-- com.facebook.tests.LandingTest -->
