<?xml version="1.0" encoding="UTF-8"?>
<!-- Generated by org.testng.reporters.JUnitReportReporter -->
<testsuite hostname="PremPC-9" failures="0" tests="2" name="testNGPackage.BasicTest1" time="0.003" errors="0" timestamp="2023-04-12T20:15:06 IST" skipped="0">
  <testcase classname="testNGPackage.BasicTest1" name="a1" time="0.001"/>
  <system-out/>
  <testcase classname="testNGPackage.BasicTest1" name="a2" time="0.002"/>
  <system-out/>
</testsuite> <!-- testNGPackage.BasicTest1 -->
