<?xml version="1.0" encoding="UTF-8"?>
<!-- Generated by org.testng.reporters.JUnitReportReporter -->
<testsuite hostname="PremPC-9" failures="0" tests="1" name="testNGPackage.Assertions3" time="0.012" errors="0" timestamp="2023-04-14T19:04:38 IST" skipped="0">
  <testcase classname="testNGPackage.Assertions3" name="testcase11" time="0.012"/>
  <system-out/>
</testsuite> <!-- testNGPackage.Assertions3 -->
