<?xml version="1.0" encoding="UTF-8"?>
<!-- Generated by org.testng.reporters.JUnitReportReporter -->
<testsuite hostname="PremPC-9" failures="0" tests="5" name="testNGPackage.TestNG3" time="0.008" errors="0" timestamp="2023-04-12T20:15:06 IST" skipped="0">
  <testcase classname="testNGPackage.TestNG3" name="testCase1" time="0.004"/>
  <system-out/>
  <testcase classname="testNGPackage.TestNG3" name="ice" time="0.000"/>
  <system-out/>
  <testcase classname="testNGPackage.TestNG3" name="method2" time="0.001"/>
  <system-out/>
  <testcase classname="testNGPackage.TestNG3" name="net" time="0.001"/>
  <system-out/>
  <testcase classname="testNGPackage.TestNG3" name="method1" time="0.002"/>
  <system-out/>
</testsuite> <!-- testNGPackage.TestNG3 -->
