<?xml version="1.0" encoding="UTF-8"?>
<!-- Generated by org.testng.reporters.JUnitReportReporter -->
<testsuite hostname="PremPC-9" failures="0" tests="2" name="testNGPackage.Assertions2" time="0.013" errors="0" timestamp="2023-04-14T19:03:47 IST" skipped="0">
  <testcase classname="testNGPackage.Assertions2" name="assertTest2" time="0.000"/>
  <system-out/>
  <testcase classname="testNGPackage.Assertions2" name="assertTest1" time="0.013"/>
  <system-out/>
</testsuite> <!-- testNGPackage.Assertions2 -->
