<?xml version="1.0" encoding="UTF-8"?>
<!-- Generated by org.testng.reporters.JUnitReportReporter -->
<testsuite hostname="PremPC-9" failures="0" tests="2" name="com.globalSQA.DatePicker" time="3.637" errors="0" timestamp="2023-05-20T17:40:53 IST" skipped="0">
  <testcase classname="com.globalSQA.DatePicker" name="pickDate" time="0.635"/>
  <system-out/>
  <testcase classname="com.globalSQA.DatePicker" name="pickDateFromDropDown" time="3.002"/>
  <system-out/>
</testsuite> <!-- com.globalSQA.DatePicker -->
