<?xml version="1.0" encoding="UTF-8"?>
<!-- Generated by org.testng.reporters.JUnitReportReporter -->
<testsuite hostname="PremPC-9" failures="0" tests="3" name="testNGPackage.TestNG2" time="0.002" errors="0" timestamp="2023-04-12T20:15:06 IST" skipped="0">
  <testcase classname="testNGPackage.TestNG2" name="aajadi" time="0.001"/>
  <system-out/>
  <testcase classname="testNGPackage.TestNG2" name="z" time="0.001"/>
  <system-out/>
  <testcase classname="testNGPackage.TestNG2" name="ab" time="0.000"/>
  <system-out/>
</testsuite> <!-- testNGPackage.TestNG2 -->
