<?xml version="1.0" encoding="UTF-8"?>
<!-- Generated by org.testng.reporters.JUnitReportReporter -->
<testsuite hostname="PremPC-9" failures="0" tests="5" name="testNGPackage.TestNG4" time="0.002" errors="0" timestamp="2023-04-12T20:15:06 IST" skipped="2">
  <testcase classname="testNGPackage.TestNG4" name="testCase4" time="0.001">
    <skipped/>
  </testcase> <!-- testCase4 -->
  <system-out/>
  <testcase classname="testNGPackage.TestNG4" name="method2" time="0.000"/>
  <system-out/>
  <testcase classname="testNGPackage.TestNG4" name="method1" time="0.001"/>
  <system-out/>
  <testcase classname="testNGPackage.TestNG4" name="method2" time="0.000"/>
  <system-out/>
  <testcase classname="testNGPackage.TestNG4" name="testcase2">
    <skipped/>
  </testcase> <!-- testcase2 -->
  <system-out/>
</testsuite> <!-- testNGPackage.TestNG4 -->
